# JRE version: OpenJDK Runtime Environment (8.0_152-b01) (build 1.8.0_152-release-915-b01)
# Java VM: OpenJDK 64-Bit Server VM (25.152-b01 mixed mode linux-amd64 compressed oops)
Heap:
 PSYoungGen      total 117760K, used 9724K [0x00000000e0000000, 0x00000000e8800000, 0x0000000100000000)
  eden space 108032K, 0% used [0x00000000e0000000,0x00000000e0000000,0x00000000e6980000)
  from space 9728K, 99% used [0x00000000e7500000,0x00000000e7e7f1c8,0x00000000e7e80000)
  to   space 6656K, 0% used [0x00000000e8180000,0x00000000e8180000,0x00000000e8800000)
 ParOldGen       total 48128K, used 7063K [0x00000000a0000000, 0x00000000a2f00000, 0x00000000e0000000)
  object space 48128K, 14% used [0x00000000a0000000,0x00000000a06e5d40,0x00000000a2f00000)
 Metaspace       used 31241K, capacity 31944K, committed 32256K, reserved 1077248K
  class space    used 4287K, capacity 4551K, committed 4608K, reserved 1048576K
GC Heap History (10 events):
Event: 4,808 GC heap after
Heap after GC invocations=3 (full 0):
 PSYoungGen      total 35840K, used 5109K [0x00000000e0000000, 0x00000000e4600000, 0x0000000100000000)
  eden space 30720K, 0% used [0x00000000e0000000,0x00000000e0000000,0x00000000e1e00000)
  from space 5120K, 99% used [0x00000000e1e00000,0x00000000e22fd588,0x00000000e2300000)
  to   space 5120K, 0% used [0x00000000e4100000,0x00000000e4100000,0x00000000e4600000)
 ParOldGen       total 81920K, used 2833K [0x00000000a0000000, 0x00000000a5000000, 0x00000000e0000000)
  object space 81920K, 3% used [0x00000000a0000000,0x00000000a02c4478,0x00000000a5000000)
 Metaspace       used 14559K, capacity 14946K, committed 15360K, reserved 1062912K
  class space    used 2067K, capacity 2187K, committed 2304K, reserved 1048576K
}
Event: 5,561 GC heap before
{Heap before GC invocations=4 (full 0):
 PSYoungGen      total 35840K, used 35829K [0x00000000e0000000, 0x00000000e4600000, 0x0000000100000000)
  eden space 30720K, 100% used [0x00000000e0000000,0x00000000e1e00000,0x00000000e1e00000)
  from space 5120K, 99% used [0x00000000e1e00000,0x00000000e22fd588,0x00000000e2300000)
  to   space 5120K, 0% used [0x00000000e4100000,0x00000000e4100000,0x00000000e4600000)
 ParOldGen       total 81920K, used 2833K [0x00000000a0000000, 0x00000000a5000000, 0x00000000e0000000)
  object space 81920K, 3% used [0x00000000a0000000,0x00000000a02c4478,0x00000000a5000000)
 Metaspace       used 19027K, capacity 19478K, committed 19712K, reserved 1067008K
  class space    used 2651K, capacity 2814K, committed 2816K, reserved 1048576K
Event: 5,619 GC heap after
Heap after GC invocations=4 (full 0):
 PSYoungGen      total 66560K, used 5104K [0x00000000e0000000, 0x00000000e4600000, 0x0000000100000000)
  eden space 61440K, 0% used [0x00000000e0000000,0x00000000e0000000,0x00000000e3c00000)
  from space 5120K, 99% used [0x00000000e4100000,0x00000000e45fc030,0x00000000e4600000)
  to   space 5120K, 0% used [0x00000000e3c00000,0x00000000e3c00000,0x00000000e4100000)
 ParOldGen       total 81920K, used 6650K [0x00000000a0000000, 0x00000000a5000000, 0x00000000e0000000)
  object space 81920K, 8% used [0x00000000a0000000,0x00000000a067eb58,0x00000000a5000000)
 Metaspace       used 19027K, capacity 19478K, committed 19712K, reserved 1067008K
  class space    used 2651K, capacity 2814K, committed 2816K, reserved 1048576K
}
Event: 5,789 GC heap before
{Heap before GC invocations=5 (full 0):
 PSYoungGen      total 66560K, used 9187K [0x00000000e0000000, 0x00000000e4600000, 0x0000000100000000)
  eden space 61440K, 6% used [0x00000000e0000000,0x00000000e03fcef8,0x00000000e3c00000)
  from space 5120K, 99% used [0x00000000e4100000,0x00000000e45fc030,0x00000000e4600000)
  to   space 5120K, 0% used [0x00000000e3c00000,0x00000000e3c00000,0x00000000e4100000)
 ParOldGen       total 81920K, used 6650K [0x00000000a0000000, 0x00000000a5000000, 0x00000000e0000000)
  object space 81920K, 8% used [0x00000000a0000000,0x00000000a067eb58,0x00000000a5000000)
 Metaspace       used 20609K, capacity 21014K, committed 21248K, reserved 1067008K
  class space    used 2856K, capacity 3006K, committed 3072K, reserved 1048576K
Event: 5,812 GC heap after
Heap after GC invocations=5 (full 0):
 PSYoungGen      total 66560K, used 5104K [0x00000000e0000000, 0x00000000e8b00000, 0x0000000100000000)
  eden space 61440K, 0% used [0x00000000e0000000,0x00000000e0000000,0x00000000e3c00000)
  from space 5120K, 99% used [0x00000000e3c00000,0x00000000e40fc030,0x00000000e4100000)
  to   space 9728K, 0% used [0x00000000e8180000,0x00000000e8180000,0x00000000e8b00000)
 ParOldGen       total 81920K, used 7452K [0x00000000a0000000, 0x00000000a5000000, 0x00000000e0000000)
  object space 81920K, 9% used [0x00000000a0000000,0x00000000a07471d8,0x00000000a5000000)
 Metaspace       used 20609K, capacity 21014K, committed 21248K, reserved 1067008K
  class space    used 2856K, capacity 3006K, committed 3072K, reserved 1048576K
}
Event: 5,812 GC heap before
{Heap before GC invocations=6 (full 1):
 PSYoungGen      total 66560K, used 5104K [0x00000000e0000000, 0x00000000e8b00000, 0x0000000100000000)
  eden space 61440K, 0% used [0x00000000e0000000,0x00000000e0000000,0x00000000e3c00000)
  from space 5120K, 99% used [0x00000000e3c00000,0x00000000e40fc030,0x00000000e4100000)
  to   space 9728K, 0% used [0x00000000e8180000,0x00000000e8180000,0x00000000e8b00000)
 ParOldGen       total 81920K, used 7452K [0x00000000a0000000, 0x00000000a5000000, 0x00000000e0000000)
  object space 81920K, 9% used [0x00000000a0000000,0x00000000a07471d8,0x00000000a5000000)
 Metaspace       used 20609K, capacity 21014K, committed 21248K, reserved 1067008K
  class space    used 2856K, capacity 3006K, committed 3072K, reserved 1048576K
Event: 5,890 GC heap after
Heap after GC invocations=6 (full 1):
 PSYoungGen      total 66560K, used 0K [0x00000000e0000000, 0x00000000e8b00000, 0x0000000100000000)
  eden space 61440K, 0% used [0x00000000e0000000,0x00000000e0000000,0x00000000e3c00000)
  from space 5120K, 0% used [0x00000000e3c00000,0x00000000e3c00000,0x00000000e4100000)
  to   space 9728K, 0% used [0x00000000e8180000,0x00000000e8180000,0x00000000e8b00000)
 ParOldGen       total 48128K, used 6554K [0x00000000a0000000, 0x00000000a2f00000, 0x00000000e0000000)
  object space 48128K, 13% used [0x00000000a0000000,0x00000000a06669a8,0x00000000a2f00000)
 Metaspace       used 20609K, capacity 21014K, committed 21248K, reserved 1067008K
  class space    used 2856K, capacity 3006K, committed 3072K, reserved 1048576K
}
Event: 7,807 GC heap before
{Heap before GC invocations=7 (full 1):
 PSYoungGen      total 66560K, used 61440K [0x00000000e0000000, 0x00000000e8b00000, 0x0000000100000000)
  eden space 61440K, 100% used [0x00000000e0000000,0x00000000e3c00000,0x00000000e3c00000)
  from space 5120K, 0% used [0x00000000e3c00000,0x00000000e3c00000,0x00000000e4100000)
  to   space 9728K, 0% used [0x00000000e8180000,0x00000000e8180000,0x00000000e8b00000)
 ParOldGen       total 48128K, used 6554K [0x00000000a0000000, 0x00000000a2f00000, 0x00000000e0000000)
  object space 48128K, 13% used [0x00000000a0000000,0x00000000a06669a8,0x00000000a2f00000)
 Metaspace       used 25365K, capacity 25880K, committed 26240K, reserved 1071104K
  class space    used 3509K, capacity 3681K, committed 3712K, reserved 1048576K
Event: 7,831 GC heap after
Heap after GC invocations=7 (full 1):
 PSYoungGen      total 114688K, used 6503K [0x00000000e0000000, 0x00000000e8800000, 0x0000000100000000)
  eden space 108032K, 0% used [0x00000000e0000000,0x00000000e0000000,0x00000000e6980000)
  from space 6656K, 97% used [0x00000000e8180000,0x00000000e87d9e08,0x00000000e8800000)
  to   space 9728K, 0% used [0x00000000e7500000,0x00000000e7500000,0x00000000e7e80000)
 ParOldGen       total 48128K, used 6562K [0x00000000a0000000, 0x00000000a2f00000, 0x00000000e0000000)
  object space 48128K, 13% used [0x00000000a0000000,0x00000000a06689a8,0x00000000a2f00000)
 Metaspace       used 25365K, capacity 25880K, committed 26240K, reserved 1071104K
  class space    used 3509K, capacity 3681K, committed 3712K, reserved 1048576K
}
Event: 14,949 GC heap before
{Heap before GC invocations=8 (full 1):
 PSYoungGen      total 114688K, used 114535K [0x00000000e0000000, 0x00000000e8800000, 0x0000000100000000)
  eden space 108032K, 100% used [0x00000000e0000000,0x00000000e6980000,0x00000000e6980000)
  from space 6656K, 97% used [0x00000000e8180000,0x00000000e87d9e08,0x00000000e8800000)
  to   space 9728K, 0% used [0x00000000e7500000,0x00000000e7500000,0x00000000e7e80000)
 ParOldGen       total 48128K, used 6562K [0x00000000a0000000, 0x00000000a2f00000, 0x00000000e0000000)
  object space 48128K, 13% used [0x00000000a0000000,0x00000000a06689a8,0x00000000a2f00000)
 Metaspace       used 31241K, capacity 31944K, committed 32256K, reserved 1077248K
  class space    used 4287K, capacity 4551K, committed 4608K, reserved 1048576K

